server started
server started
server started
server started
server started
server started
server started
undefined:68
		"virtuals": },
		            ^

SyntaxError: Unexpected token '}', ..."irtuals": },
		"isPR"... is not valid JSON
    at JSON.parse (<anonymous>)
    at get db [as db] (/mnt/c/Users/admin/Downloads/DuckCloud/index.js:62:15)
    at Object.list (/mnt/c/Users/admin/Downloads/DuckCloud/index.js:58:27)
    at getUserByToken (/mnt/c/Users/admin/Downloads/DuckCloud/index.js:161:23)
    at /mnt/c/Users/admin/Downloads/DuckCloud/index.js:278:19
    at Layer.handle [as handle_request] (/mnt/c/Users/admin/Downloads/DuckCloud/node_modules/express/lib/router/layer.js:95:5)
    at next (/mnt/c/Users/admin/Downloads/DuckCloud/node_modules/express/lib/router/route.js:144:13)
    at Route.dispatch (/mnt/c/Users/admin/Downloads/DuckCloud/node_modules/express/lib/router/route.js:114:3)
    at Layer.handle [as handle_request] (/mnt/c/Users/admin/Downloads/DuckCloud/node_modules/express/lib/router/layer.js:95:5)
    at /mnt/c/Users/admin/Downloads/DuckCloud/node_modules/express/lib/router/index.js:284:15

Node.js v19.1.0
server started
server started
server started
node:internal/errors:484
    ErrorCaptureStackTrace(err);
    ^

TypeError [ERR_UNESCAPED_CHARACTERS]: Request path contains unescaped characters
    at new NodeError (node:internal/errors:393:5)
    at new ClientRequest (node:_http_client:177:13)
    at Object.request (node:http:97:10)
    at h.request (/mnt/c/Users/admin/Downloads/DuckCloud/node_modules/docker-modem/lib/http.js:51:52)
    at Modem.buildRequest (/mnt/c/Users/admin/Downloads/DuckCloud/node_modules/docker-modem/lib/modem.js:239:68)
    at Modem.dial (/mnt/c/Users/admin/Downloads/DuckCloud/node_modules/docker-modem/lib/modem.js:221:8)
    at /mnt/c/Users/admin/Downloads/DuckCloud/node_modules/dockerode/lib/container.js:65:18
    at new Promise (<anonymous>)
    at Container.inspect (/mnt/c/Users/admin/Downloads/DuckCloud/node_modules/dockerode/lib/container.js:64:12)
    at /mnt/c/Users/admin/Downloads/DuckCloud/index.js:1100:35 {
  code: 'ERR_UNESCAPED_CHARACTERS'
}

Node.js v19.1.0
server started
server started
server started
server started
server started
server started
server started
server started
server started
server started
server started
server started
server started
server started
server started
server started
/mnt/c/Users/admin/Downloads/DuckCloud/node_modules/docker-modem/lib/modem.js:336
      var msg = new Error(
                ^

Error: (HTTP code 404) no such container - No such container: f7b3dd89bc6fd9250675678a4302d84fb159b85e9204d4160a1be438a51861df 
    at /mnt/c/Users/admin/Downloads/DuckCloud/node_modules/docker-modem/lib/modem.js:336:17
    at getCause (/mnt/c/Users/admin/Downloads/DuckCloud/node_modules/docker-modem/lib/modem.js:366:7)
    at Modem.buildPayload (/mnt/c/Users/admin/Downloads/DuckCloud/node_modules/docker-modem/lib/modem.js:335:5)
    at IncomingMessage.<anonymous> (/mnt/c/Users/admin/Downloads/DuckCloud/node_modules/docker-modem/lib/modem.js:303:16)
    at IncomingMessage.emit (node:events:525:35)
    at endReadableNT (node:internal/streams/readable:1359:12)
    at process.processTicksAndRejections (node:internal/process/task_queues:82:21) {
  reason: 'no such container',
  statusCode: 404,
  json: {
    message: 'No such container: f7b3dd89bc6fd9250675678a4302d84fb159b85e9204d4160a1be438a51861df'
  }
}

Node.js v19.1.0
server started
/mnt/c/Users/admin/Downloads/DuckCloud/node_modules/docker-modem/lib/modem.js:336
      var msg = new Error(
                ^

Error: (HTTP code 404) no such container - No such container: d9392f43c07d72ef78ea7d5c174673b37780999338805e31c92464422fd0268e 
    at /mnt/c/Users/admin/Downloads/DuckCloud/node_modules/docker-modem/lib/modem.js:336:17
    at getCause (/mnt/c/Users/admin/Downloads/DuckCloud/node_modules/docker-modem/lib/modem.js:366:7)
    at Modem.buildPayload (/mnt/c/Users/admin/Downloads/DuckCloud/node_modules/docker-modem/lib/modem.js:335:5)
    at IncomingMessage.<anonymous> (/mnt/c/Users/admin/Downloads/DuckCloud/node_modules/docker-modem/lib/modem.js:303:16)
    at IncomingMessage.emit (node:events:525:35)
    at endReadableNT (node:internal/streams/readable:1359:12)
    at process.processTicksAndRejections (node:internal/process/task_queues:82:21) {
  reason: 'no such container',
  statusCode: 404,
  json: {
    message: 'No such container: d9392f43c07d72ef78ea7d5c174673b37780999338805e31c92464422fd0268e'
  }
}

Node.js v19.1.0
server started
/mnt/c/Users/admin/Downloads/DuckCloud/node_modules/docker-modem/lib/modem.js:336
      var msg = new Error(
                ^

Error: (HTTP code 404) no such container - No such container: d9392f43c07d72ef78ea7d5c174673b37780999338805e31c92464422fd0268e 
    at /mnt/c/Users/admin/Downloads/DuckCloud/node_modules/docker-modem/lib/modem.js:336:17
    at getCause (/mnt/c/Users/admin/Downloads/DuckCloud/node_modules/docker-modem/lib/modem.js:366:7)
    at Modem.buildPayload (/mnt/c/Users/admin/Downloads/DuckCloud/node_modules/docker-modem/lib/modem.js:335:5)
    at IncomingMessage.<anonymous> (/mnt/c/Users/admin/Downloads/DuckCloud/node_modules/docker-modem/lib/modem.js:303:16)
    at IncomingMessage.emit (node:events:525:35)
    at endReadableNT (node:internal/streams/readable:1359:12)
    at process.processTicksAndRejections (node:internal/process/task_queues:82:21) {
  reason: 'no such container',
  statusCode: 404,
  json: {
    message: 'No such container: d9392f43c07d72ef78ea7d5c174673b37780999338805e31c92464422fd0268e'
  }
}

Node.js v19.1.0
server started
/mnt/c/Users/admin/Downloads/DuckCloud/node_modules/docker-modem/lib/modem.js:336
      var msg = new Error(
                ^

Error: (HTTP code 404) no such container - No such container: d9392f43c07d72ef78ea7d5c174673b37780999338805e31c92464422fd0268e 
    at /mnt/c/Users/admin/Downloads/DuckCloud/node_modules/docker-modem/lib/modem.js:336:17
    at getCause (/mnt/c/Users/admin/Downloads/DuckCloud/node_modules/docker-modem/lib/modem.js:366:7)
    at Modem.buildPayload (/mnt/c/Users/admin/Downloads/DuckCloud/node_modules/docker-modem/lib/modem.js:335:5)
    at IncomingMessage.<anonymous> (/mnt/c/Users/admin/Downloads/DuckCloud/node_modules/docker-modem/lib/modem.js:303:16)
    at IncomingMessage.emit (node:events:525:35)
    at endReadableNT (node:internal/streams/readable:1359:12)
    at process.processTicksAndRejections (node:internal/process/task_queues:82:21) {
  reason: 'no such container',
  statusCode: 404,
  json: {
    message: 'No such container: d9392f43c07d72ef78ea7d5c174673b37780999338805e31c92464422fd0268e'
  }
}

Node.js v19.1.0
server started
/mnt/c/Users/admin/Downloads/DuckCloud/node_modules/docker-modem/lib/modem.js:336
      var msg = new Error(
                ^

Error: (HTTP code 404) no such container - No such container: d9392f43c07d72ef78ea7d5c174673b37780999338805e31c92464422fd0268e 
    at /mnt/c/Users/admin/Downloads/DuckCloud/node_modules/docker-modem/lib/modem.js:336:17
    at getCause (/mnt/c/Users/admin/Downloads/DuckCloud/node_modules/docker-modem/lib/modem.js:366:7)
    at Modem.buildPayload (/mnt/c/Users/admin/Downloads/DuckCloud/node_modules/docker-modem/lib/modem.js:335:5)
    at IncomingMessage.<anonymous> (/mnt/c/Users/admin/Downloads/DuckCloud/node_modules/docker-modem/lib/modem.js:303:16)
    at IncomingMessage.emit (node:events:525:35)
    at endReadableNT (node:internal/streams/readable:1359:12)
    at process.processTicksAndRejections (node:internal/process/task_queues:82:21) {
  reason: 'no such container',
  statusCode: 404,
  json: {
    message: 'No such container: d9392f43c07d72ef78ea7d5c174673b37780999338805e31c92464422fd0268e'
  }
}

Node.js v19.1.0
server started
/mnt/c/Users/admin/Downloads/DuckCloud/node_modules/docker-modem/lib/modem.js:336
      var msg = new Error(
                ^

Error: (HTTP code 404) no such container - No such container: d9392f43c07d72ef78ea7d5c174673b37780999338805e31c92464422fd0268e 
    at /mnt/c/Users/admin/Downloads/DuckCloud/node_modules/docker-modem/lib/modem.js:336:17
    at getCause (/mnt/c/Users/admin/Downloads/DuckCloud/node_modules/docker-modem/lib/modem.js:366:7)
    at Modem.buildPayload (/mnt/c/Users/admin/Downloads/DuckCloud/node_modules/docker-modem/lib/modem.js:335:5)
    at IncomingMessage.<anonymous> (/mnt/c/Users/admin/Downloads/DuckCloud/node_modules/docker-modem/lib/modem.js:303:16)
    at IncomingMessage.emit (node:events:525:35)
    at endReadableNT (node:internal/streams/readable:1359:12)
    at process.processTicksAndRejections (node:internal/process/task_queues:82:21) {
  reason: 'no such container',
  statusCode: 404,
  json: {
    message: 'No such container: d9392f43c07d72ef78ea7d5c174673b37780999338805e31c92464422fd0268e'
  }
}

Node.js v19.1.0
server started
/mnt/c/Users/admin/Downloads/DuckCloud/node_modules/docker-modem/lib/modem.js:336
      var msg = new Error(
                ^

Error: (HTTP code 404) no such container - No such container: d9392f43c07d72ef78ea7d5c174673b37780999338805e31c92464422fd0268e 
    at /mnt/c/Users/admin/Downloads/DuckCloud/node_modules/docker-modem/lib/modem.js:336:17
    at getCause (/mnt/c/Users/admin/Downloads/DuckCloud/node_modules/docker-modem/lib/modem.js:366:7)
    at Modem.buildPayload (/mnt/c/Users/admin/Downloads/DuckCloud/node_modules/docker-modem/lib/modem.js:335:5)
    at IncomingMessage.<anonymous> (/mnt/c/Users/admin/Downloads/DuckCloud/node_modules/docker-modem/lib/modem.js:303:16)
    at IncomingMessage.emit (node:events:525:35)
    at endReadableNT (node:internal/streams/readable:1359:12)
    at process.processTicksAndRejections (node:internal/process/task_queues:82:21) {
  reason: 'no such container',
  statusCode: 404,
  json: {
    message: 'No such container: d9392f43c07d72ef78ea7d5c174673b37780999338805e31c92464422fd0268e'
  }
}

Node.js v19.1.0
server started
/mnt/c/Users/admin/Downloads/DuckCloud/node_modules/docker-modem/lib/modem.js:336
      var msg = new Error(
                ^

Error: (HTTP code 404) no such container - No such container: e943d4d66f38b693722f0bcd816e5402e50323cffbd852b06570ed5b442c2b4c 
    at /mnt/c/Users/admin/Downloads/DuckCloud/node_modules/docker-modem/lib/modem.js:336:17
    at getCause (/mnt/c/Users/admin/Downloads/DuckCloud/node_modules/docker-modem/lib/modem.js:366:7)
    at Modem.buildPayload (/mnt/c/Users/admin/Downloads/DuckCloud/node_modules/docker-modem/lib/modem.js:335:5)
    at IncomingMessage.<anonymous> (/mnt/c/Users/admin/Downloads/DuckCloud/node_modules/docker-modem/lib/modem.js:303:16)
    at IncomingMessage.emit (node:events:525:35)
    at endReadableNT (node:internal/streams/readable:1359:12)
    at process.processTicksAndRejections (node:internal/process/task_queues:82:21) {
  reason: 'no such container',
  statusCode: 404,
  json: {
    message: 'No such container: e943d4d66f38b693722f0bcd816e5402e50323cffbd852b06570ed5b442c2b4c'
  }
}

Node.js v19.1.0
server started
/mnt/c/Users/admin/Downloads/DuckCloud/node_modules/docker-modem/lib/modem.js:336
      var msg = new Error(
                ^

Error: (HTTP code 404) no such container - No such container: f7b3dd89bc6fd9250675678a4302d84fb159b85e9204d4160a1be438a51861df 
    at /mnt/c/Users/admin/Downloads/DuckCloud/node_modules/docker-modem/lib/modem.js:336:17
    at getCause (/mnt/c/Users/admin/Downloads/DuckCloud/node_modules/docker-modem/lib/modem.js:366:7)
    at Modem.buildPayload (/mnt/c/Users/admin/Downloads/DuckCloud/node_modules/docker-modem/lib/modem.js:335:5)
    at IncomingMessage.<anonymous> (/mnt/c/Users/admin/Downloads/DuckCloud/node_modules/docker-modem/lib/modem.js:303:16)
    at IncomingMessage.emit (node:events:525:35)
    at endReadableNT (node:internal/streams/readable:1359:12)
    at process.processTicksAndRejections (node:internal/process/task_queues:82:21) {
  reason: 'no such container',
  statusCode: 404,
  json: {
    message: 'No such container: f7b3dd89bc6fd9250675678a4302d84fb159b85e9204d4160a1be438a51861df'
  }
}

Node.js v19.1.0
server started
server started
server started
server started
server started
server started
server started
server started
server started
server started
server started
server started
server started
server started
server started
node:events:491
      throw er; // Unhandled 'error' event
      ^

Error: listen EADDRINUSE: address already in use :::3000
    at Server.setupListenHandle [as _listen2] (node:net:1468:16)
    at listenInCluster (node:net:1516:12)
    at Server.listen (node:net:1604:7)
    at Object.<anonymous> (/mnt/c/Users/admin/Downloads/DuckCloud/index.js:1705:6)
    at Module._compile (node:internal/modules/cjs/loader:1205:14)
    at Module._extensions..js (node:internal/modules/cjs/loader:1259:10)
    at Module.load (node:internal/modules/cjs/loader:1068:32)
    at Module._load (node:internal/modules/cjs/loader:909:12)
    at Function.executeUserEntryPoint [as runMain] (node:internal/modules/run_main:82:12)
    at node:internal/main/run_main_module:23:47
Emitted 'error' event on Server instance at:
    at emitErrorNT (node:net:1495:8)
    at process.processTicksAndRejections (node:internal/process/task_queues:82:21) {
  code: 'EADDRINUSE',
  errno: -98,
  syscall: 'listen',
  address: '::',
  port: 3000
}

Node.js v19.1.0
node:events:491
      throw er; // Unhandled 'error' event
      ^

Error: listen EADDRINUSE: address already in use :::3000
    at Server.setupListenHandle [as _listen2] (node:net:1468:16)
    at listenInCluster (node:net:1516:12)
    at Server.listen (node:net:1604:7)
    at Object.<anonymous> (/mnt/c/Users/admin/Downloads/DuckCloud/index.js:1705:6)
    at Module._compile (node:internal/modules/cjs/loader:1205:14)
    at Module._extensions..js (node:internal/modules/cjs/loader:1259:10)
    at Module.load (node:internal/modules/cjs/loader:1068:32)
    at Module._load (node:internal/modules/cjs/loader:909:12)
    at Function.executeUserEntryPoint [as runMain] (node:internal/modules/run_main:82:12)
    at node:internal/main/run_main_module:23:47
Emitted 'error' event on Server instance at:
    at emitErrorNT (node:net:1495:8)
    at process.processTicksAndRejections (node:internal/process/task_queues:82:21) {
  code: 'EADDRINUSE',
  errno: -98,
  syscall: 'listen',
  address: '::',
  port: 3000
}

Node.js v19.1.0
server started
/mnt/c/Users/admin/Downloads/DuckCloud/node_modules/docker-modem/lib/modem.js:336
      var msg = new Error(
                ^

Error: (HTTP code 500) server error - Cannot update container 35551324c57cc03ac494db230ceea21c80516dcec57878191b4af242ac65e3f4: runc did not terminate successfully: exit status 1: failed to write "9437184": write /sys/fs/cgroup/memory/docker/35551324c57cc03ac494db230ceea21c80516dcec57878191b4af242ac65e3f4/memory.memsw.limit_in_bytes: device or resource busy
: unknown 
    at /mnt/c/Users/admin/Downloads/DuckCloud/node_modules/docker-modem/lib/modem.js:336:17
    at getCause (/mnt/c/Users/admin/Downloads/DuckCloud/node_modules/docker-modem/lib/modem.js:366:7)
    at Modem.buildPayload (/mnt/c/Users/admin/Downloads/DuckCloud/node_modules/docker-modem/lib/modem.js:335:5)
    at IncomingMessage.<anonymous> (/mnt/c/Users/admin/Downloads/DuckCloud/node_modules/docker-modem/lib/modem.js:303:16)
    at IncomingMessage.emit (node:events:525:35)
    at endReadableNT (node:internal/streams/readable:1359:12)
    at process.processTicksAndRejections (node:internal/process/task_queues:82:21) {
  reason: 'server error',
  statusCode: 500,
  json: {
    message: 'Cannot update container 35551324c57cc03ac494db230ceea21c80516dcec57878191b4af242ac65e3f4: runc did not terminate successfully: exit status 1: failed to write "9437184": write /sys/fs/cgroup/memory/docker/35551324c57cc03ac494db230ceea21c80516dcec57878191b4af242ac65e3f4/memory.memsw.limit_in_bytes: device or resource busy\n' +
      ': unknown'
  }
}

Node.js v19.1.0
server started
server started
server started
server started
server started
server started
server started
server started
server started
server started
server started
server started
server started
server started
server started
server started
server started
server started
server started
server started
server started
server started
server started
server started
node:internal/process/promises:289
            triggerUncaughtException(err, true /* fromPromise */);
            ^

Error: connect EACCES /var/run/docker.sock
    at PipeConnectWrap.afterConnect [as oncomplete] (node:net:1574:16) {
  errno: -13,
  code: 'EACCES',
  syscall: 'connect',
  address: '/var/run/docker.sock'
}

Node.js v20.3.0
server started
node:internal/process/promises:289
            triggerUncaughtException(err, true /* fromPromise */);
            ^

Error: connect EACCES /var/run/docker.sock
    at PipeConnectWrap.afterConnect [as oncomplete] (node:net:1574:16) {
  errno: -13,
  code: 'EACCES',
  syscall: 'connect',
  address: '/var/run/docker.sock'
}

Node.js v20.3.0
server started
server started
node:internal/process/promises:289
            triggerUncaughtException(err, true /* fromPromise */);
            ^

Error: connect EACCES /var/run/docker.sock
    at PipeConnectWrap.afterConnect [as oncomplete] (node:net:1574:16) {
  errno: -13,
  code: 'EACCES',
  syscall: 'connect',
  address: '/var/run/docker.sock'
}

Node.js v20.3.0
server started
node:internal/process/promises:289
            triggerUncaughtException(err, true /* fromPromise */);
            ^

Error: connect EACCES /var/run/docker.sock
    at PipeConnectWrap.afterConnect [as oncomplete] (node:net:1574:16) {
  errno: -13,
  code: 'EACCES',
  syscall: 'connect',
  address: '/var/run/docker.sock'
}

Node.js v20.3.0
server started
node:internal/process/promises:289
            triggerUncaughtException(err, true /* fromPromise */);
            ^

Error: connect EACCES /var/run/docker.sock
    at PipeConnectWrap.afterConnect [as oncomplete] (node:net:1574:16) {
  errno: -13,
  code: 'EACCES',
  syscall: 'connect',
  address: '/var/run/docker.sock'
}

Node.js v20.3.0
server started
node:internal/process/promises:289
            triggerUncaughtException(err, true /* fromPromise */);
            ^

Error: connect EACCES /var/run/docker.sock
    at PipeConnectWrap.afterConnect [as oncomplete] (node:net:1574:16) {
  errno: -13,
  code: 'EACCES',
  syscall: 'connect',
  address: '/var/run/docker.sock'
}

Node.js v20.3.0
server started
node:internal/process/promises:289
            triggerUncaughtException(err, true /* fromPromise */);
            ^

Error: connect EACCES /var/run/docker.sock
    at PipeConnectWrap.afterConnect [as oncomplete] (node:net:1574:16) {
  errno: -13,
  code: 'EACCES',
  syscall: 'connect',
  address: '/var/run/docker.sock'
}

Node.js v20.3.0
server started
node:internal/process/promises:289
            triggerUncaughtException(err, true /* fromPromise */);
            ^

Error: connect EACCES /var/run/docker.sock
    at PipeConnectWrap.afterConnect [as oncomplete] (node:net:1574:16) {
  errno: -13,
  code: 'EACCES',
  syscall: 'connect',
  address: '/var/run/docker.sock'
}

Node.js v20.3.0
server started
node:internal/process/promises:289
            triggerUncaughtException(err, true /* fromPromise */);
            ^

Error: connect EACCES /var/run/docker.sock
    at PipeConnectWrap.afterConnect [as oncomplete] (node:net:1574:16) {
  errno: -13,
  code: 'EACCES',
  syscall: 'connect',
  address: '/var/run/docker.sock'
}

Node.js v20.3.0
server started
node:internal/process/promises:289
            triggerUncaughtException(err, true /* fromPromise */);
            ^

Error: connect EACCES /var/run/docker.sock
    at PipeConnectWrap.afterConnect [as oncomplete] (node:net:1574:16) {
  errno: -13,
  code: 'EACCES',
  syscall: 'connect',
  address: '/var/run/docker.sock'
}

Node.js v20.3.0
server started
node:internal/process/promises:289
            triggerUncaughtException(err, true /* fromPromise */);
            ^

Error: connect EACCES /var/run/docker.sock
    at PipeConnectWrap.afterConnect [as oncomplete] (node:net:1574:16) {
  errno: -13,
  code: 'EACCES',
  syscall: 'connect',
  address: '/var/run/docker.sock'
}

Node.js v20.3.0
server started
node:internal/process/promises:289
            triggerUncaughtException(err, true /* fromPromise */);
            ^

Error: connect EACCES /var/run/docker.sock
    at PipeConnectWrap.afterConnect [as oncomplete] (node:net:1574:16) {
  errno: -13,
  code: 'EACCES',
  syscall: 'connect',
  address: '/var/run/docker.sock'
}

Node.js v20.3.0
server started
server started
server started
server started
server started
server started
server started
server started
server started
server started
server started
server started
server started
server started
server started
server started
server started
server started
server started
server started
server started
server started
server started
server started
server started
server started
